[debug] > Exec(early(addDefaultCommands), None, None)
[debug] > Exec(addDefaultCommands, None, None)
[debug] > Exec(early(initialize), None, None)
[debug] > Exec(initialize, None, None)
[debug] > Exec(boot, None, None)
[debug] > Exec(writeSbtVersion, None, None)
[debug] > Exec(reload, None, None)
[debug] > Exec(sbtStashOnFailure, None, None)
[debug] > Exec(onFailure loadFailed, None, None)
[debug] > Exec(loadp, None, None)
[info] welcome to sbt 1.10.5 (Oracle Corporation Java 22)
[debug] Load.defaultLoad until apply took 118.3337ms
[debug]           Load.loadUnit: plugins took 83.3415ms
[debug]           Load.loadUnit: defsScala took 0.2627ms
[debug] [Loading] Scanning directory Z:\b1s6\project
[debug] [Loading] Found non-root projects 
[debug] [Loading] Done in Z:\b1s6\project, returning: ()
[debug] deducing auto plugins based on known facts Set(Atom(sbt.plugins.CorePlugin)) and clauses Clauses(Clause(Atom(sbt.plugins.JvmPlugin),Set(Atom(sbt.plugins.IvyPlugin)))
[debug] Clause(Atom(sbt.ScriptedPlugin),Set(Atom(sbt.plugins.JvmPlugin)))
[debug] Clause(Atom(sbt.plugins.SbtPlugin),Set(Atom(sbt.ScriptedPlugin)))
[debug] Clause(Atom(sbt.plugins.SemanticdbPlugin),Set(Atom(sbt.plugins.JvmPlugin)))
[debug] Clause(Atom(sbt.plugins.JUnitXmlReportPlugin),Set(Atom(sbt.plugins.JvmPlugin)))
[debug] Clause(Atom(sbt.plugins.MiniDependencyTreePlugin),Set(Atom(sbt.plugins.JvmPlugin)))
[debug] Clause(Atom(sbt.plugins.CorePlugin),Set(Atom(sbt.plugins.IvyPlugin)))
[debug] Clause(Atom(sbt.plugins.IvyPlugin),Set(Atom(sbt.plugins.JvmPlugin)))
[debug] Clause(Atom(sbt.plugins.JvmPlugin),Set(Atom(sbt.plugins.SemanticdbPlugin)))
[debug] Clause(Atom(sbt.plugins.JvmPlugin),Set(Atom(sbt.plugins.JUnitXmlReportPlugin)))
[debug] Clause(Atom(sbt.plugins.CorePlugin),Set(Atom(sbt.plugins.Giter8TemplatePlugin)))
[debug] Clause(Atom(sbt.plugins.JvmPlugin),Set(Atom(sbt.plugins.MiniDependencyTreePlugin))))
[debug]   :: deduced result: Matched(sbt.plugins.CorePlugin,sbt.plugins.Giter8TemplatePlugin,sbt.plugins.IvyPlugin,sbt.plugins.JvmPlugin,sbt.plugins.MiniDependencyTreePlugin,sbt.plugins.JUnitXmlReportPlugin,sbt.plugins.SemanticdbPlugin)
[debug] Plugins.deducer#function took 17.0486 ms
[debug]               Load.resolveProject(b1s6-build) took 34.6122ms
[debug]             Load.loadTransitive: finalizeProject(Project(id b1s6-build, base: Z:\b1s6\project, plugins: List(<none>))) took 67.901ms
[debug] [Loading] Done in Z:\b1s6\project, returning: (b1s6-build)
[debug]           Load.loadUnit: loadedProjectsRaw took 85.7933ms
[debug]           Load.loadUnit: cleanEvalClasses took 0.1868ms
[debug]         Load.loadUnit(file:/Z:/b1s6/project/, ...) took 174.523ms
[debug]       Load.apply: load took 533.4573ms
[debug]       Load.apply: resolveProjects took 4.7773ms
[debug]       Load.apply: finalTransforms took 46.8146ms
[debug]       Load.apply: config.delegates took 5.7827ms
[debug]       Load.apply: Def.make(settings)... took 334.3303ms
[debug]       Load.apply: structureIndex took 81.6006ms
[debug]       Load.apply: mkStreams took 1.6473ms
[info] loading project definition from Z:\b1s6\project
[debug] Running task... Cancel: Signal, check cycles: false, forcegc: true
[warn] jline-2.14.6.jar no longer exists at C:\Users\utpl\AppData\Local\Coursier\Cache\v1\https\repo1.maven.org\maven2\jline\jline\2.14.6\jline-2.14.6.jar
[debug]     Load.loadUnit: plugins took 4884.8717ms
[debug]     Load.loadUnit: defsScala took 0.0036ms
[debug] [Loading] Scanning directory Z:\b1s6
[debug]       Load.loadUnit: mkEval took 23.959ms
[debug] [Loading] Found root project root w/ remaining 
[debug] deducing auto plugins based on known facts Set(Atom(sbt.plugins.CorePlugin)) and clauses Clauses(Clause(Atom(sbt.plugins.JvmPlugin),Set(Atom(sbt.plugins.IvyPlugin)))
[debug] Clause(Atom(sbt.ScriptedPlugin),Set(Atom(sbt.plugins.JvmPlugin)))
[debug] Clause(Atom(sbt.plugins.SbtPlugin),Set(Atom(sbt.ScriptedPlugin)))
[debug] Clause(Atom(sbt.plugins.SemanticdbPlugin),Set(Atom(sbt.plugins.JvmPlugin)))
[debug] Clause(Atom(sbt.plugins.JUnitXmlReportPlugin),Set(Atom(sbt.plugins.JvmPlugin)))
[debug] Clause(Atom(sbt.plugins.MiniDependencyTreePlugin),Set(Atom(sbt.plugins.JvmPlugin)))
[debug] Clause(Atom(sbt.plugins.CorePlugin),Set(Atom(sbt.plugins.IvyPlugin)))
[debug] Clause(Atom(sbt.plugins.IvyPlugin),Set(Atom(sbt.plugins.JvmPlugin)))
[debug] Clause(Atom(sbt.plugins.JvmPlugin),Set(Atom(sbt.plugins.SemanticdbPlugin)))
[debug] Clause(Atom(sbt.plugins.JvmPlugin),Set(Atom(sbt.plugins.JUnitXmlReportPlugin)))
[debug] Clause(Atom(sbt.plugins.CorePlugin),Set(Atom(sbt.plugins.Giter8TemplatePlugin)))
[debug] Clause(Atom(sbt.plugins.JvmPlugin),Set(Atom(sbt.plugins.MiniDependencyTreePlugin))))
[debug]   :: deduced result: Matched(sbt.plugins.CorePlugin,sbt.plugins.Giter8TemplatePlugin,sbt.plugins.IvyPlugin,sbt.plugins.JvmPlugin,sbt.plugins.MiniDependencyTreePlugin,sbt.plugins.JUnitXmlReportPlugin,sbt.plugins.SemanticdbPlugin)
[debug] Plugins.deducer#function took 2.05 ms
[info] loading settings for project root from build.sbt ...
[debug]         Load.resolveProject(root) took 2.1744ms
[debug]       Load.loadTransitive: finalizeProject(Project(id root, base: Z:\b1s6, plugins: List(<none>))) took 5.0787ms
[debug] [Loading] Done in Z:\b1s6, returning: (root)
[debug]     Load.loadUnit: loadedProjectsRaw took 240.6475ms
[debug]     Load.loadUnit: cleanEvalClasses took 12.2861ms
[debug]   Load.loadUnit(file:/Z:/b1s6/, ...) took 5139.0818ms
[debug] Load.apply: load took 5157.4181ms
[debug] Load.apply: resolveProjects took 0.0734ms
[debug] Load.apply: finalTransforms took 10.0648ms
[debug] Load.apply: config.delegates took 0.4122ms
[debug] Load.apply: Def.make(settings)... took 70.9244ms
[debug] Load.apply: structureIndex took 23.8002ms
[debug] Load.apply: mkStreams took 0.0023ms
[info] set current project to b1s6 (in build file:/Z:/b1s6/)
[debug] > Exec(sbtPopOnFailure, None, None)
[debug] > Exec(resumeFromFailure, None, None)
[debug] > Exec(notifyUsersAboutShell, None, None)
[debug] > Exec(iflast shell, None, None)
[debug] > Exec(shell, None, None)
[info] sbt server started at local:sbt-server-4d2b26e93528378c3236
[debug] Writing bsp connection file
[info] started sbt server
