[debug] > Exec(;set _root_.scala.collection.Seq(historyPath := None,shellPrompt := { _ => "" },SettingKey[_root_.scala.Option[_root_.sbt.File]]("sbtStructureOutputFile") in _root_.sbt.Global := _root_.scala.Some(_root_.sbt.file("C:/Users/utpl/AppData/Local/Temp/sbt-structure.xml")),SettingKey[_root_.java.lang.String]("sbtStructureOptions") in _root_.sbt.Global := "download, resolveSourceClassifiers");apply -cp "C:/Users/utpl/AppData/Roaming/JetBrains/IdeaIC2024.2/plugins/Scala/repo/org/jetbrains/scala/sbt-structure-extractor_2.12_1.3/2024.2.2/sbt-structure-extractor-2024.2.2.jar" "org.jetbrains.sbt.CreateTasks" "sbt.jetbrains.LogDownloadArtifacts";preferScala2;*/*:dumpStructure, Some(dcf76616-76bd-4b96-9ca1-bc72aa4eac73), Some(CommandSource(console0)))
[debug] > Exec(set _root_.scala.collection.Seq(historyPath := None,shellPrompt := { _ => "" },SettingKey[_root_.scala.Option[_root_.sbt.File]]("sbtStructureOutputFile") in _root_.sbt.Global := _root_.scala.Some(_root_.sbt.file("C:/Users/utpl/AppData/Local/Temp/sbt-structure.xml")),SettingKey[_root_.java.lang.String]("sbtStructureOptions") in _root_.sbt.Global := "download, resolveSourceClassifiers"), None, Some(CommandSource(console0)))
[info] Defining Global / sbtStructureOptions, Global / sbtStructureOutputFile and 1 others.
[info] The new values will be used by cleanKeepGlobs
[info] 	Run `last` for details.
[debug] Defining 
[debug] 	Global / sbtStructureOptions
[debug] 	Global / sbtStructureOutputFile
[debug] 	history
[debug] 	shellPrompt
[debug] 
[debug] The new values will be used by 
[debug] 	cleanKeepGlobs
[info] Reapplying settings...
[info] set current project to b1s6 (in build file:/Z:/b1s6/)
[debug] > Exec(apply -cp "C:/Users/utpl/AppData/Roaming/JetBrains/IdeaIC2024.2/plugins/Scala/repo/org/jetbrains/scala/sbt-structure-extractor_2.12_1.3/2024.2.2/sbt-structure-extractor-2024.2.2.jar" "org.jetbrains.sbt.CreateTasks" "sbt.jetbrains.LogDownloadArtifacts", None, Some(CommandSource(console0)))
[info] Applying State transformations org.jetbrains.sbt.CreateTasks, sbt.jetbrains.LogDownloadArtifacts from C:/Users/utpl/AppData/Roaming/JetBrains/IdeaIC2024.2/plugins/Scala/repo/org/jetbrains/scala/sbt-structure-extractor_2.12_1.3/2024.2.2/sbt-structure-extractor-2024.2.2.jar
[info] Reapplying settings...
[info] set current project to b1s6 (in build file:/Z:/b1s6/)
[info] Reapplying settings...
[info] set current project to b1s6 (in build file:/Z:/b1s6/)
[debug] > Exec(preferScala2, None, Some(CommandSource(console0)))
[debug] > Exec(*/*:dumpStructure, None, Some(CommandSource(console0)))
[debug] Evaluating tasks: Global / dumpStructure
[warn] sbt 0.13 shell syntax is deprecated; use slash syntax instead: Global / dumpStructure
[debug] Running task... Cancel: Signal, check cycles: false, forcegc: true
[info] downloading https://repo1.maven.org/maven2/org/scala-lang/scala3-sbt-bridge/3.3.4/scala3-sbt-bridge-3.3.4.pom
[warn] scala3-library_3-3.3.4.jar no longer exists at C:\Users\utpl\AppData\Local\Coursier\Cache\v1\https\repo1.maven.org\maven2\org\scala-lang\scala3-library_3\3.3.4\scala3-library_3-3.3.4.jar
[info] downloaded https://repo1.maven.org/maven2/org/scala-lang/scala3-sbt-bridge/3.3.4/scala3-sbt-bridge-3.3.4.pom
[info] downloading https://repo1.maven.org/maven2/org/scala-lang/scala3-sbt-bridge/3.3.4/scala3-sbt-bridge-3.3.4.jar
[info] downloaded https://repo1.maven.org/maven2/org/scala-lang/scala3-sbt-bridge/3.3.4/scala3-sbt-bridge-3.3.4.jar
[info] downloading https://repo1.maven.org/maven2/org/scala-lang/scala3-library_3/3.3.4/scala3-library_3-3.3.4.pom
[info] downloaded https://repo1.maven.org/maven2/org/scala-lang/scala3-library_3/3.3.4/scala3-library_3-3.3.4.pom
[info] downloading https://repo1.maven.org/maven2/org/scala-lang/scala3-compiler_3/3.3.4/scala3-compiler_3-3.3.4.pom
[info] downloaded https://repo1.maven.org/maven2/org/scala-lang/scala3-compiler_3/3.3.4/scala3-compiler_3-3.3.4.pom
[info] downloading https://repo1.maven.org/maven2/org/scala-lang/scala3-interfaces/3.3.4/scala3-interfaces-3.3.4.pom
[info] downloading https://repo1.maven.org/maven2/org/scala-lang/tasty-core_3/3.3.4/tasty-core_3-3.3.4.pom
[info] downloaded https://repo1.maven.org/maven2/org/scala-lang/scala3-interfaces/3.3.4/scala3-interfaces-3.3.4.pom
[info] downloaded https://repo1.maven.org/maven2/org/scala-lang/tasty-core_3/3.3.4/tasty-core_3-3.3.4.pom
[info] downloading https://repo1.maven.org/maven2/org/scala-lang/scaladoc_3/3.3.4/scaladoc_3-3.3.4.pom
[info] downloaded https://repo1.maven.org/maven2/org/scala-lang/scaladoc_3/3.3.4/scaladoc_3-3.3.4.pom
[info] downloading https://repo1.maven.org/maven2/com/vladsch/flexmark/flexmark-ext-anchorlink/0.62.2/flexmark-ext-anchorlink-0.62.2.pom
[info] downloading https://repo1.maven.org/maven2/com/vladsch/flexmark/flexmark-ext-tables/0.62.2/flexmark-ext-tables-0.62.2.pom
[info] downloading https://repo1.maven.org/maven2/com/vladsch/flexmark/flexmark-ext-yaml-front-matter/0.62.2/flexmark-ext-yaml-front-matter-0.62.2.pom
[info] downloading https://repo1.maven.org/maven2/com/vladsch/flexmark/flexmark-ext-wikilink/0.62.2/flexmark-ext-wikilink-0.62.2.pom
[info] downloading https://repo1.maven.org/maven2/com/vladsch/flexmark/flexmark-util-ast/0.62.2/flexmark-util-ast-0.62.2.pom
[info] downloading https://repo1.maven.org/maven2/com/vladsch/flexmark/flexmark-ext-autolink/0.62.2/flexmark-ext-autolink-0.62.2.pom
[info] downloaded https://repo1.maven.org/maven2/com/vladsch/flexmark/flexmark-ext-anchorlink/0.62.2/flexmark-ext-anchorlink-0.62.2.pom
[info] downloading https://repo1.maven.org/maven2/com/vladsch/flexmark/flexmark-ext-gfm-tasklist/0.62.2/flexmark-ext-gfm-tasklist-0.62.2.pom
[info] downloaded https://repo1.maven.org/maven2/com/vladsch/flexmark/flexmark-ext-gfm-tasklist/0.62.2/flexmark-ext-gfm-tasklist-0.62.2.pom
[info] downloading https://repo1.maven.org/maven2/com/vladsch/flexmark/flexmark-util-html/0.62.2/flexmark-util-html-0.62.2.pom
[info] downloaded https://repo1.maven.org/maven2/com/vladsch/flexmark/flexmark-ext-autolink/0.62.2/flexmark-ext-autolink-0.62.2.pom
[info] downloading https://repo1.maven.org/maven2/com/vladsch/flexmark/flexmark-ext-gfm-strikethrough/0.62.2/flexmark-ext-gfm-strikethrough-0.62.2.pom
[info] downloaded https://repo1.maven.org/maven2/com/vladsch/flexmark/flexmark-ext-yaml-front-matter/0.62.2/flexmark-ext-yaml-front-matter-0.62.2.pom
[info] downloading https://repo1.maven.org/maven2/nl/big-o/liqp/0.8.2/liqp-0.8.2.pom
[info] downloaded https://repo1.maven.org/maven2/com/vladsch/flexmark/flexmark-ext-wikilink/0.62.2/flexmark-ext-wikilink-0.62.2.pom
[info] downloaded https://repo1.maven.org/maven2/com/vladsch/flexmark/flexmark-util-ast/0.62.2/flexmark-util-ast-0.62.2.pom
[info] downloading https://repo1.maven.org/maven2/org/jsoup/jsoup/1.17.2/jsoup-1.17.2.pom
[info] downloading https://repo1.maven.org/maven2/org/scala-lang/scala3-tasty-inspector_3/3.3.4/scala3-tasty-inspector_3-3.3.4.pom
[info] downloaded https://repo1.maven.org/maven2/com/vladsch/flexmark/flexmark-ext-gfm-strikethrough/0.62.2/flexmark-ext-gfm-strikethrough-0.62.2.pom
[info] downloading https://repo1.maven.org/maven2/com/vladsch/flexmark/flexmark-util-data/0.62.2/flexmark-util-data-0.62.2.pom
[info] downloaded https://repo1.maven.org/maven2/org/jsoup/jsoup/1.17.2/jsoup-1.17.2.pom
[info] downloading https://repo1.maven.org/maven2/com/vladsch/flexmark/flexmark-ext-emoji/0.62.2/flexmark-ext-emoji-0.62.2.pom
[info] downloaded https://repo1.maven.org/maven2/com/vladsch/flexmark/flexmark-util-html/0.62.2/flexmark-util-html-0.62.2.pom
[info] downloaded https://repo1.maven.org/maven2/nl/big-o/liqp/0.8.2/liqp-0.8.2.pom
[info] downloading https://repo1.maven.org/maven2/com/fasterxml/jackson/dataformat/jackson-dataformat-yaml/2.15.1/jackson-dataformat-yaml-2.15.1.pom
[info] downloading https://repo1.maven.org/maven2/com/vladsch/flexmark/flexmark/0.62.2/flexmark-0.62.2.pom
[info] downloaded https://repo1.maven.org/maven2/com/vladsch/flexmark/flexmark-ext-tables/0.62.2/flexmark-ext-tables-0.62.2.pom
[info] downloaded https://repo1.maven.org/maven2/com/vladsch/flexmark/flexmark-util-data/0.62.2/flexmark-util-data-0.62.2.pom
[info] downloaded https://repo1.maven.org/maven2/org/scala-lang/scala3-tasty-inspector_3/3.3.4/scala3-tasty-inspector_3-3.3.4.pom
[info] downloaded https://repo1.maven.org/maven2/com/vladsch/flexmark/flexmark/0.62.2/flexmark-0.62.2.pom
[info] downloaded https://repo1.maven.org/maven2/com/vladsch/flexmark/flexmark-ext-emoji/0.62.2/flexmark-ext-emoji-0.62.2.pom
[info] downloaded https://repo1.maven.org/maven2/com/fasterxml/jackson/dataformat/jackson-dataformat-yaml/2.15.1/jackson-dataformat-yaml-2.15.1.pom
[info] downloading https://repo1.maven.org/maven2/com/vladsch/flexmark/flexmark-java/0.62.2/flexmark-java-0.62.2.pom
[info] downloading https://repo1.maven.org/maven2/com/fasterxml/jackson/dataformat/jackson-dataformats-text/2.15.1/jackson-dataformats-text-2.15.1.pom
[info] downloaded https://repo1.maven.org/maven2/com/fasterxml/jackson/dataformat/jackson-dataformats-text/2.15.1/jackson-dataformats-text-2.15.1.pom
[info] downloaded https://repo1.maven.org/maven2/com/vladsch/flexmark/flexmark-java/0.62.2/flexmark-java-0.62.2.pom
[info] downloading https://repo1.maven.org/maven2/com/fasterxml/jackson/jackson-base/2.15.1/jackson-base-2.15.1.pom
[info] downloaded https://repo1.maven.org/maven2/com/fasterxml/jackson/jackson-base/2.15.1/jackson-base-2.15.1.pom
[info] downloading https://repo1.maven.org/maven2/com/fasterxml/jackson/jackson-bom/2.15.1/jackson-bom-2.15.1.pom
[info] downloaded https://repo1.maven.org/maven2/com/fasterxml/jackson/jackson-bom/2.15.1/jackson-bom-2.15.1.pom
[info] downloading https://repo1.maven.org/maven2/com/fasterxml/jackson/jackson-parent/2.15/jackson-parent-2.15.pom
[info] downloaded https://repo1.maven.org/maven2/com/fasterxml/jackson/jackson-parent/2.15/jackson-parent-2.15.pom
[info] downloading https://repo1.maven.org/maven2/com/fasterxml/oss-parent/50/oss-parent-50.pom
[info] downloaded https://repo1.maven.org/maven2/com/fasterxml/oss-parent/50/oss-parent-50.pom
[info] downloading https://repo1.maven.org/maven2/com/fasterxml/jackson/datatype/jackson-datatype-jsr310/2.12.1/jackson-datatype-jsr310-2.12.1.pom
[info] downloading https://repo1.maven.org/maven2/com/fasterxml/jackson/core/jackson-annotations/2.12.1/jackson-annotations-2.12.1.pom
[info] downloading https://repo1.maven.org/maven2/com/vladsch/flexmark/flexmark-util/0.62.2/flexmark-util-0.62.2.pom
[info] downloading https://repo1.maven.org/maven2/ua/co/k/strftime4j/1.0.5/strftime4j-1.0.5.pom
[info] downloading https://repo1.maven.org/maven2/com/fasterxml/jackson/core/jackson-core/2.15.1/jackson-core-2.15.1.pom
[info] downloading https://repo1.maven.org/maven2/com/vladsch/flexmark/flexmark-jira-converter/0.62.2/flexmark-jira-converter-0.62.2.pom
[info] downloaded https://repo1.maven.org/maven2/com/fasterxml/jackson/core/jackson-annotations/2.12.1/jackson-annotations-2.12.1.pom
[info] downloading https://repo1.maven.org/maven2/com/vladsch/flexmark/flexmark-util-misc/0.62.2/flexmark-util-misc-0.62.2.pom
[info] downloaded https://repo1.maven.org/maven2/ua/co/k/strftime4j/1.0.5/strftime4j-1.0.5.pom
[info] downloading https://repo1.maven.org/maven2/com/vladsch/flexmark/flexmark-util-dependency/0.62.2/flexmark-util-dependency-0.62.2.pom
[info] downloaded https://repo1.maven.org/maven2/com/fasterxml/jackson/core/jackson-core/2.15.1/jackson-core-2.15.1.pom
[info] downloading https://repo1.maven.org/maven2/org/nibor/autolink/autolink/0.6.0/autolink-0.6.0.pom
[info] downloaded https://repo1.maven.org/maven2/com/vladsch/flexmark/flexmark-jira-converter/0.62.2/flexmark-jira-converter-0.62.2.pom
[info] downloading https://repo1.maven.org/maven2/org/yaml/snakeyaml/2.0/snakeyaml-2.0.pom
[info] downloaded https://repo1.maven.org/maven2/com/vladsch/flexmark/flexmark-util-misc/0.62.2/flexmark-util-misc-0.62.2.pom
[info] downloading https://repo1.maven.org/maven2/com/vladsch/flexmark/flexmark-util-sequence/0.62.2/flexmark-util-sequence-0.62.2.pom
[info] downloaded https://repo1.maven.org/maven2/com/vladsch/flexmark/flexmark-util-dependency/0.62.2/flexmark-util-dependency-0.62.2.pom
[info] downloading https://repo1.maven.org/maven2/org/jetbrains/annotations/15.0/annotations-15.0.pom
[info] downloaded https://repo1.maven.org/maven2/org/yaml/snakeyaml/2.0/snakeyaml-2.0.pom
[info] downloading https://repo1.maven.org/maven2/com/vladsch/flexmark/flexmark-util-visitor/0.62.2/flexmark-util-visitor-0.62.2.pom
[info] downloaded https://repo1.maven.org/maven2/org/nibor/autolink/autolink/0.6.0/autolink-0.6.0.pom
[info] downloading https://repo1.maven.org/maven2/com/vladsch/flexmark/flexmark-util-format/0.62.2/flexmark-util-format-0.62.2.pom
[info] downloaded https://repo1.maven.org/maven2/com/vladsch/flexmark/flexmark-util/0.62.2/flexmark-util-0.62.2.pom
[info] downloading https://repo1.maven.org/maven2/org/antlr/antlr4-runtime/4.7.2/antlr4-runtime-4.7.2.pom
[info] downloaded https://repo1.maven.org/maven2/com/vladsch/flexmark/flexmark-util-sequence/0.62.2/flexmark-util-sequence-0.62.2.pom
[info] downloaded https://repo1.maven.org/maven2/com/fasterxml/jackson/datatype/jackson-datatype-jsr310/2.12.1/jackson-datatype-jsr310-2.12.1.pom
[info] downloaded https://repo1.maven.org/maven2/org/jetbrains/annotations/15.0/annotations-15.0.pom
[info] downloading https://repo1.maven.org/maven2/com/vladsch/flexmark/flexmark-util-collection/0.62.2/flexmark-util-collection-0.62.2.pom
[info] downloading https://repo1.maven.org/maven2/com/fasterxml/jackson/core/jackson-databind/2.15.1/jackson-databind-2.15.1.pom
[info] downloaded https://repo1.maven.org/maven2/com/vladsch/flexmark/flexmark-util-visitor/0.62.2/flexmark-util-visitor-0.62.2.pom
[info] downloaded https://repo1.maven.org/maven2/com/vladsch/flexmark/flexmark-util-format/0.62.2/flexmark-util-format-0.62.2.pom
[info] downloading https://repo1.maven.org/maven2/com/vladsch/flexmark/flexmark-util-builder/0.62.2/flexmark-util-builder-0.62.2.pom
[info] downloaded https://repo1.maven.org/maven2/org/antlr/antlr4-runtime/4.7.2/antlr4-runtime-4.7.2.pom
[info] downloaded https://repo1.maven.org/maven2/com/vladsch/flexmark/flexmark-util-collection/0.62.2/flexmark-util-collection-0.62.2.pom
[info] downloaded https://repo1.maven.org/maven2/com/fasterxml/jackson/core/jackson-databind/2.15.1/jackson-databind-2.15.1.pom
[info] downloaded https://repo1.maven.org/maven2/com/vladsch/flexmark/flexmark-util-builder/0.62.2/flexmark-util-builder-0.62.2.pom
[info] downloading https://repo1.maven.org/maven2/com/fasterxml/jackson/jackson-parent/2.12/jackson-parent-2.12.pom
[info] downloading https://repo1.maven.org/maven2/com/fasterxml/jackson/module/jackson-modules-java8/2.12.1/jackson-modules-java8-2.12.1.pom
[info] downloading https://repo1.maven.org/maven2/org/antlr/antlr4-master/4.7.2/antlr4-master-4.7.2.pom
[info] downloading https://repo1.maven.org/maven2/org/junit/junit-bom/5.9.2/junit-bom-5.9.2.pom
[info] downloaded https://repo1.maven.org/maven2/com/fasterxml/jackson/jackson-parent/2.12/jackson-parent-2.12.pom
[info] downloaded https://repo1.maven.org/maven2/org/junit/junit-bom/5.9.2/junit-bom-5.9.2.pom
[info] downloaded https://repo1.maven.org/maven2/org/antlr/antlr4-master/4.7.2/antlr4-master-4.7.2.pom
[info] downloaded https://repo1.maven.org/maven2/com/fasterxml/jackson/module/jackson-modules-java8/2.12.1/jackson-modules-java8-2.12.1.pom
[info] downloading https://repo1.maven.org/maven2/com/fasterxml/oss-parent/41/oss-parent-41.pom
[info] downloading https://repo1.maven.org/maven2/com/fasterxml/jackson/jackson-base/2.12.1/jackson-base-2.12.1.pom
[info] downloaded https://repo1.maven.org/maven2/com/fasterxml/oss-parent/41/oss-parent-41.pom
[info] downloaded https://repo1.maven.org/maven2/com/fasterxml/jackson/jackson-base/2.12.1/jackson-base-2.12.1.pom
[info] downloading https://repo1.maven.org/maven2/com/fasterxml/jackson/jackson-bom/2.12.1/jackson-bom-2.12.1.pom
[info] downloaded https://repo1.maven.org/maven2/com/fasterxml/jackson/jackson-bom/2.12.1/jackson-bom-2.12.1.pom
[info] downloading https://repo1.maven.org/maven2/com/vladsch/flexmark/flexmark-ext-superscript/0.62.2/flexmark-ext-superscript-0.62.2.pom
[info] downloading https://repo1.maven.org/maven2/com/fasterxml/jackson/core/jackson-annotations/2.15.1/jackson-annotations-2.15.1.pom
[info] downloading https://repo1.maven.org/maven2/com/vladsch/flexmark/flexmark-ext-ins/0.62.2/flexmark-ext-ins-0.62.2.pom
[info] downloading https://repo1.maven.org/maven2/com/vladsch/flexmark/flexmark-util-options/0.62.2/flexmark-util-options-0.62.2.pom
[info] downloaded https://repo1.maven.org/maven2/com/vladsch/flexmark/flexmark-util-options/0.62.2/flexmark-util-options-0.62.2.pom
[info] downloaded https://repo1.maven.org/maven2/com/vladsch/flexmark/flexmark-ext-superscript/0.62.2/flexmark-ext-superscript-0.62.2.pom
[info] downloaded https://repo1.maven.org/maven2/com/fasterxml/jackson/core/jackson-annotations/2.15.1/jackson-annotations-2.15.1.pom
[info] downloaded https://repo1.maven.org/maven2/com/vladsch/flexmark/flexmark-ext-ins/0.62.2/flexmark-ext-ins-0.62.2.pom
[info] downloading https://repo1.maven.org/maven2/org/antlr/antlr4-runtime/4.7.2/antlr4-runtime-4.7.2.jar
[info] downloading https://repo1.maven.org/maven2/com/vladsch/flexmark/flexmark-ext-superscript/0.62.2/flexmark-ext-superscript-0.62.2.jar
[info] downloading https://repo1.maven.org/maven2/ua/co/k/strftime4j/1.0.5/strftime4j-1.0.5.jar
[info] downloading https://repo1.maven.org/maven2/com/fasterxml/jackson/datatype/jackson-datatype-jsr310/2.12.1/jackson-datatype-jsr310-2.12.1.jar
[info] downloading https://repo1.maven.org/maven2/com/vladsch/flexmark/flexmark-util-sequence/0.62.2/flexmark-util-sequence-0.62.2.jar
[info] downloading https://repo1.maven.org/maven2/com/vladsch/flexmark/flexmark-ext-emoji/0.62.2/flexmark-ext-emoji-0.62.2.jar
[info] downloaded https://repo1.maven.org/maven2/com/vladsch/flexmark/flexmark-ext-superscript/0.62.2/flexmark-ext-superscript-0.62.2.jar
[info] downloading https://repo1.maven.org/maven2/org/scala-lang/scala3-interfaces/3.3.4/scala3-interfaces-3.3.4.jar
[info] downloaded https://repo1.maven.org/maven2/org/scala-lang/scala3-interfaces/3.3.4/scala3-interfaces-3.3.4.jar
[info] downloading https://repo1.maven.org/maven2/com/vladsch/flexmark/flexmark-util/0.62.2/flexmark-util-0.62.2.jar
[info] downloaded https://repo1.maven.org/maven2/com/vladsch/flexmark/flexmark-util/0.62.2/flexmark-util-0.62.2.jar
[info] downloading https://repo1.maven.org/maven2/org/yaml/snakeyaml/2.0/snakeyaml-2.0.jar
[info] downloaded https://repo1.maven.org/maven2/com/vladsch/flexmark/flexmark-ext-emoji/0.62.2/flexmark-ext-emoji-0.62.2.jar
[info] downloading https://repo1.maven.org/maven2/com/vladsch/flexmark/flexmark-util-collection/0.62.2/flexmark-util-collection-0.62.2.jar
[info] downloaded https://repo1.maven.org/maven2/ua/co/k/strftime4j/1.0.5/strftime4j-1.0.5.jar
[info] downloading https://repo1.maven.org/maven2/org/scala-lang/scaladoc_3/3.3.4/scaladoc_3-3.3.4.jar
[info] downloaded https://repo1.maven.org/maven2/com/vladsch/flexmark/flexmark-util-collection/0.62.2/flexmark-util-collection-0.62.2.jar
[info] downloading https://repo1.maven.org/maven2/org/jetbrains/annotations/15.0/annotations-15.0.jar
[info] downloaded https://repo1.maven.org/maven2/com/fasterxml/jackson/datatype/jackson-datatype-jsr310/2.12.1/jackson-datatype-jsr310-2.12.1.jar
[info] downloading https://repo1.maven.org/maven2/org/jsoup/jsoup/1.17.2/jsoup-1.17.2.jar
[info] downloaded https://repo1.maven.org/maven2/org/jetbrains/annotations/15.0/annotations-15.0.jar
[info] downloading https://repo1.maven.org/maven2/com/vladsch/flexmark/flexmark-ext-gfm-strikethrough/0.62.2/flexmark-ext-gfm-strikethrough-0.62.2.jar
[info] downloaded https://repo1.maven.org/maven2/com/vladsch/flexmark/flexmark-ext-gfm-strikethrough/0.62.2/flexmark-ext-gfm-strikethrough-0.62.2.jar
[info] downloading https://repo1.maven.org/maven2/com/vladsch/flexmark/flexmark-ext-gfm-tasklist/0.62.2/flexmark-ext-gfm-tasklist-0.62.2.jar
[info] downloaded https://repo1.maven.org/maven2/com/vladsch/flexmark/flexmark-ext-gfm-tasklist/0.62.2/flexmark-ext-gfm-tasklist-0.62.2.jar
[info] downloading https://repo1.maven.org/maven2/com/vladsch/flexmark/flexmark-jira-converter/0.62.2/flexmark-jira-converter-0.62.2.jar
[info] downloaded https://repo1.maven.org/maven2/com/vladsch/flexmark/flexmark-util-sequence/0.62.2/flexmark-util-sequence-0.62.2.jar
[info] downloading https://repo1.maven.org/maven2/com/vladsch/flexmark/flexmark-util-ast/0.62.2/flexmark-util-ast-0.62.2.jar
[info] downloaded https://repo1.maven.org/maven2/com/vladsch/flexmark/flexmark-jira-converter/0.62.2/flexmark-jira-converter-0.62.2.jar
[info] downloading https://repo1.maven.org/maven2/com/vladsch/flexmark/flexmark-ext-ins/0.62.2/flexmark-ext-ins-0.62.2.jar
[info] downloaded https://repo1.maven.org/maven2/com/vladsch/flexmark/flexmark-ext-ins/0.62.2/flexmark-ext-ins-0.62.2.jar
[info] downloading https://repo1.maven.org/maven2/org/nibor/autolink/autolink/0.6.0/autolink-0.6.0.jar
[info] downloaded https://repo1.maven.org/maven2/org/nibor/autolink/autolink/0.6.0/autolink-0.6.0.jar
[info] downloading https://repo1.maven.org/maven2/org/scala-lang/scala3-compiler_3/3.3.4/scala3-compiler_3-3.3.4.jar
[info] downloaded https://repo1.maven.org/maven2/com/vladsch/flexmark/flexmark-util-ast/0.62.2/flexmark-util-ast-0.62.2.jar
[info] downloading https://repo1.maven.org/maven2/com/vladsch/flexmark/flexmark-ext-wikilink/0.62.2/flexmark-ext-wikilink-0.62.2.jar
[info] downloaded https://repo1.maven.org/maven2/com/vladsch/flexmark/flexmark-ext-wikilink/0.62.2/flexmark-ext-wikilink-0.62.2.jar
[info] downloading https://repo1.maven.org/maven2/com/vladsch/flexmark/flexmark-ext-yaml-front-matter/0.62.2/flexmark-ext-yaml-front-matter-0.62.2.jar
[info] downloaded https://repo1.maven.org/maven2/com/vladsch/flexmark/flexmark-ext-yaml-front-matter/0.62.2/flexmark-ext-yaml-front-matter-0.62.2.jar
[info] downloading https://repo1.maven.org/maven2/com/vladsch/flexmark/flexmark-util-data/0.62.2/flexmark-util-data-0.62.2.jar
[info] downloaded https://repo1.maven.org/maven2/org/antlr/antlr4-runtime/4.7.2/antlr4-runtime-4.7.2.jar
[info] downloading https://repo1.maven.org/maven2/org/scala-lang/scala3-library_3/3.3.4/scala3-library_3-3.3.4.jar
[info] downloaded https://repo1.maven.org/maven2/org/yaml/snakeyaml/2.0/snakeyaml-2.0.jar
[info] downloading https://repo1.maven.org/maven2/com/vladsch/flexmark/flexmark-util-format/0.62.2/flexmark-util-format-0.62.2.jar
[info] downloaded https://repo1.maven.org/maven2/com/vladsch/flexmark/flexmark-util-data/0.62.2/flexmark-util-data-0.62.2.jar
[info] downloading https://repo1.maven.org/maven2/com/vladsch/flexmark/flexmark-ext-tables/0.62.2/flexmark-ext-tables-0.62.2.jar
[info] downloaded https://repo1.maven.org/maven2/com/vladsch/flexmark/flexmark-util-format/0.62.2/flexmark-util-format-0.62.2.jar
[info] downloading https://repo1.maven.org/maven2/com/fasterxml/jackson/core/jackson-core/2.15.1/jackson-core-2.15.1.jar
[info] downloaded https://repo1.maven.org/maven2/com/vladsch/flexmark/flexmark-ext-tables/0.62.2/flexmark-ext-tables-0.62.2.jar
[info] downloading https://repo1.maven.org/maven2/com/vladsch/flexmark/flexmark-ext-anchorlink/0.62.2/flexmark-ext-anchorlink-0.62.2.jar
[info] downloaded https://repo1.maven.org/maven2/com/vladsch/flexmark/flexmark-ext-anchorlink/0.62.2/flexmark-ext-anchorlink-0.62.2.jar
[info] downloading https://repo1.maven.org/maven2/com/vladsch/flexmark/flexmark-util-options/0.62.2/flexmark-util-options-0.62.2.jar
[info] downloaded https://repo1.maven.org/maven2/org/jsoup/jsoup/1.17.2/jsoup-1.17.2.jar
[info] downloading https://repo1.maven.org/maven2/com/fasterxml/jackson/core/jackson-annotations/2.15.1/jackson-annotations-2.15.1.jar
[info] downloaded https://repo1.maven.org/maven2/com/vladsch/flexmark/flexmark-util-options/0.62.2/flexmark-util-options-0.62.2.jar
[info] downloading https://repo1.maven.org/maven2/org/scala-lang/tasty-core_3/3.3.4/tasty-core_3-3.3.4.jar
[info] downloaded https://repo1.maven.org/maven2/com/fasterxml/jackson/core/jackson-annotations/2.15.1/jackson-annotations-2.15.1.jar
[info] downloading https://repo1.maven.org/maven2/com/vladsch/flexmark/flexmark-util-misc/0.62.2/flexmark-util-misc-0.62.2.jar
[info] downloaded https://repo1.maven.org/maven2/org/scala-lang/tasty-core_3/3.3.4/tasty-core_3-3.3.4.jar
[info] downloading https://repo1.maven.org/maven2/com/fasterxml/jackson/dataformat/jackson-dataformat-yaml/2.15.1/jackson-dataformat-yaml-2.15.1.jar
[info] downloaded https://repo1.maven.org/maven2/com/vladsch/flexmark/flexmark-util-misc/0.62.2/flexmark-util-misc-0.62.2.jar
[info] downloading https://repo1.maven.org/maven2/com/vladsch/flexmark/flexmark-ext-autolink/0.62.2/flexmark-ext-autolink-0.62.2.jar
[info] downloaded https://repo1.maven.org/maven2/com/vladsch/flexmark/flexmark-ext-autolink/0.62.2/flexmark-ext-autolink-0.62.2.jar
[info] downloading https://repo1.maven.org/maven2/com/vladsch/flexmark/flexmark-util-dependency/0.62.2/flexmark-util-dependency-0.62.2.jar
[info] downloaded https://repo1.maven.org/maven2/com/fasterxml/jackson/dataformat/jackson-dataformat-yaml/2.15.1/jackson-dataformat-yaml-2.15.1.jar
[info] downloading https://repo1.maven.org/maven2/com/vladsch/flexmark/flexmark/0.62.2/flexmark-0.62.2.jar
[info] downloaded https://repo1.maven.org/maven2/com/vladsch/flexmark/flexmark-util-dependency/0.62.2/flexmark-util-dependency-0.62.2.jar
[info] downloading https://repo1.maven.org/maven2/nl/big-o/liqp/0.8.2/liqp-0.8.2.jar
[info] downloaded https://repo1.maven.org/maven2/com/fasterxml/jackson/core/jackson-core/2.15.1/jackson-core-2.15.1.jar
[info] downloading https://repo1.maven.org/maven2/com/fasterxml/jackson/core/jackson-databind/2.15.1/jackson-databind-2.15.1.jar
[info] downloaded https://repo1.maven.org/maven2/nl/big-o/liqp/0.8.2/liqp-0.8.2.jar
[info] downloading https://repo1.maven.org/maven2/com/vladsch/flexmark/flexmark-util-builder/0.62.2/flexmark-util-builder-0.62.2.jar
[info] downloaded https://repo1.maven.org/maven2/com/vladsch/flexmark/flexmark-util-builder/0.62.2/flexmark-util-builder-0.62.2.jar
[info] downloading https://repo1.maven.org/maven2/org/scala-lang/scala3-tasty-inspector_3/3.3.4/scala3-tasty-inspector_3-3.3.4.jar
[info] downloaded https://repo1.maven.org/maven2/org/scala-lang/scala3-tasty-inspector_3/3.3.4/scala3-tasty-inspector_3-3.3.4.jar
[info] downloading https://repo1.maven.org/maven2/com/vladsch/flexmark/flexmark-util-html/0.62.2/flexmark-util-html-0.62.2.jar
[info] downloaded https://repo1.maven.org/maven2/com/vladsch/flexmark/flexmark/0.62.2/flexmark-0.62.2.jar
[info] downloading https://repo1.maven.org/maven2/com/vladsch/flexmark/flexmark-util-visitor/0.62.2/flexmark-util-visitor-0.62.2.jar
[info] downloaded https://repo1.maven.org/maven2/com/vladsch/flexmark/flexmark-util-visitor/0.62.2/flexmark-util-visitor-0.62.2.jar
[info] downloaded https://repo1.maven.org/maven2/com/vladsch/flexmark/flexmark-util-html/0.62.2/flexmark-util-html-0.62.2.jar
[info] downloaded https://repo1.maven.org/maven2/org/scala-lang/scala3-library_3/3.3.4/scala3-library_3-3.3.4.jar
[info] downloaded https://repo1.maven.org/maven2/com/fasterxml/jackson/core/jackson-databind/2.15.1/jackson-databind-2.15.1.jar
[info] downloaded https://repo1.maven.org/maven2/org/scala-lang/scaladoc_3/3.3.4/scaladoc_3-3.3.4.jar
