[debug] > Exec(;set _root_.scala.collection.Seq(historyPath := None,shellPrompt := { _ => "" },SettingKey[_root_.scala.Option[_root_.sbt.File]]("sbtStructureOutputFile") in _root_.sbt.Global := _root_.scala.Some(_root_.sbt.file("C:/Users/utpl/AppData/Local/Temp/sbt-structure.xml")),SettingKey[_root_.java.lang.String]("sbtStructureOptions") in _root_.sbt.Global := "download, resolveSourceClassifiers");apply -cp "C:/Users/utpl/AppData/Roaming/JetBrains/IdeaIC2024.2/plugins/Scala/repo/org/jetbrains/scala/sbt-structure-extractor_2.12_1.3/2024.2.2/sbt-structure-extractor-2024.2.2.jar" "org.jetbrains.sbt.CreateTasks" "sbt.jetbrains.LogDownloadArtifacts";preferScala2;*/*:dumpStructure, Some(82d69e3a-0378-4fba-9139-01687e95ce81), Some(CommandSource(console0)))
[debug] > Exec(set _root_.scala.collection.Seq(historyPath := None,shellPrompt := { _ => "" },SettingKey[_root_.scala.Option[_root_.sbt.File]]("sbtStructureOutputFile") in _root_.sbt.Global := _root_.scala.Some(_root_.sbt.file("C:/Users/utpl/AppData/Local/Temp/sbt-structure.xml")),SettingKey[_root_.java.lang.String]("sbtStructureOptions") in _root_.sbt.Global := "download, resolveSourceClassifiers"), None, Some(CommandSource(console0)))
[info] Defining Global / sbtStructureOptions, Global / sbtStructureOutputFile and 1 others.
[info] The new values will be used by cleanKeepGlobs
[info] 	Run `last` for details.
[debug] Defining 
[debug] 	Global / sbtStructureOptions
[debug] 	Global / sbtStructureOutputFile
[debug] 	history
[debug] 	shellPrompt
[debug] 
[debug] The new values will be used by 
[debug] 	cleanKeepGlobs
[info] Reapplying settings...
[info] set current project to semana7 (in build file:/Z:/semana7/)
[debug] > Exec(apply -cp "C:/Users/utpl/AppData/Roaming/JetBrains/IdeaIC2024.2/plugins/Scala/repo/org/jetbrains/scala/sbt-structure-extractor_2.12_1.3/2024.2.2/sbt-structure-extractor-2024.2.2.jar" "org.jetbrains.sbt.CreateTasks" "sbt.jetbrains.LogDownloadArtifacts", None, Some(CommandSource(console0)))
[info] Applying State transformations org.jetbrains.sbt.CreateTasks, sbt.jetbrains.LogDownloadArtifacts from C:/Users/utpl/AppData/Roaming/JetBrains/IdeaIC2024.2/plugins/Scala/repo/org/jetbrains/scala/sbt-structure-extractor_2.12_1.3/2024.2.2/sbt-structure-extractor-2024.2.2.jar
[info] Reapplying settings...
[info] set current project to semana7 (in build file:/Z:/semana7/)
[info] Reapplying settings...
[info] set current project to semana7 (in build file:/Z:/semana7/)
[debug] > Exec(preferScala2, None, Some(CommandSource(console0)))
[debug] > Exec(*/*:dumpStructure, None, Some(CommandSource(console0)))
[debug] Evaluating tasks: Global / dumpStructure
[warn] sbt 0.13 shell syntax is deprecated; use slash syntax instead: Global / dumpStructure
[debug] Running task... Cancel: Signal, check cycles: false, forcegc: true
[info] downloading https://repo1.maven.org/maven2/org/scala-lang/scala3-compiler_3/3.3.4/scala3-compiler_3-3.3.4.jar
[info] downloading https://repo1.maven.org/maven2/org/scala-lang/scala3-library_3/3.3.4/scala3-library_3-3.3.4.jar
[info] downloading https://repo1.maven.org/maven2/com/fasterxml/jackson/core/jackson-core/2.15.1/jackson-core-2.15.1.jar
[info] downloading https://repo1.maven.org/maven2/org/scala-lang/scaladoc_3/3.3.4/scaladoc_3-3.3.4.jar
[info] downloading https://repo1.maven.org/maven2/org/yaml/snakeyaml/2.0/snakeyaml-2.0.jar
[info] downloading https://repo1.maven.org/maven2/com/vladsch/flexmark/flexmark-ext-wikilink/0.62.2/flexmark-ext-wikilink-0.62.2.jar
[info] downloaded https://repo1.maven.org/maven2/com/vladsch/flexmark/flexmark-ext-wikilink/0.62.2/flexmark-ext-wikilink-0.62.2.jar
[info] downloading https://repo1.maven.org/maven2/com/vladsch/flexmark/flexmark-ext-tables/0.62.2/flexmark-ext-tables-0.62.2.jar
[info] downloaded https://repo1.maven.org/maven2/com/vladsch/flexmark/flexmark-ext-tables/0.62.2/flexmark-ext-tables-0.62.2.jar
[info] downloading https://repo1.maven.org/maven2/org/jsoup/jsoup/1.17.2/jsoup-1.17.2.jar
[info] downloaded https://repo1.maven.org/maven2/org/yaml/snakeyaml/2.0/snakeyaml-2.0.jar
[info] downloading https://repo1.maven.org/maven2/com/vladsch/flexmark/flexmark-util-data/0.62.2/flexmark-util-data-0.62.2.jar
[info] downloaded https://repo1.maven.org/maven2/com/vladsch/flexmark/flexmark-util-data/0.62.2/flexmark-util-data-0.62.2.jar
[info] downloading https://repo1.maven.org/maven2/com/fasterxml/jackson/core/jackson-annotations/2.15.1/jackson-annotations-2.15.1.jar
[info] downloaded https://repo1.maven.org/maven2/com/fasterxml/jackson/core/jackson-annotations/2.15.1/jackson-annotations-2.15.1.jar
[info] downloading https://repo1.maven.org/maven2/com/vladsch/flexmark/flexmark-util-format/0.62.2/flexmark-util-format-0.62.2.jar
[info] downloaded https://repo1.maven.org/maven2/com/fasterxml/jackson/core/jackson-core/2.15.1/jackson-core-2.15.1.jar
[info] downloading https://repo1.maven.org/maven2/com/vladsch/flexmark/flexmark-util-dependency/0.62.2/flexmark-util-dependency-0.62.2.jar
[info] downloaded https://repo1.maven.org/maven2/com/vladsch/flexmark/flexmark-util-dependency/0.62.2/flexmark-util-dependency-0.62.2.jar
[info] downloading https://repo1.maven.org/maven2/nl/big-o/liqp/0.8.2/liqp-0.8.2.jar
[info] downloaded https://repo1.maven.org/maven2/com/vladsch/flexmark/flexmark-util-format/0.62.2/flexmark-util-format-0.62.2.jar
[info] downloading https://repo1.maven.org/maven2/org/scala-lang/tasty-core_3/3.3.4/tasty-core_3-3.3.4.jar
[info] downloaded https://repo1.maven.org/maven2/org/jsoup/jsoup/1.17.2/jsoup-1.17.2.jar
[info] downloading https://repo1.maven.org/maven2/com/fasterxml/jackson/dataformat/jackson-dataformat-yaml/2.15.1/jackson-dataformat-yaml-2.15.1.jar
[info] downloaded https://repo1.maven.org/maven2/org/scala-lang/tasty-core_3/3.3.4/tasty-core_3-3.3.4.jar
[info] downloading https://repo1.maven.org/maven2/com/vladsch/flexmark/flexmark-util-html/0.62.2/flexmark-util-html-0.62.2.jar
[info] downloaded https://repo1.maven.org/maven2/com/vladsch/flexmark/flexmark-util-html/0.62.2/flexmark-util-html-0.62.2.jar
[info] downloading https://repo1.maven.org/maven2/com/fasterxml/jackson/core/jackson-databind/2.15.1/jackson-databind-2.15.1.jar
[info] downloaded https://repo1.maven.org/maven2/com/fasterxml/jackson/dataformat/jackson-dataformat-yaml/2.15.1/jackson-dataformat-yaml-2.15.1.jar
[info] downloading https://repo1.maven.org/maven2/com/vladsch/flexmark/flexmark-ext-anchorlink/0.62.2/flexmark-ext-anchorlink-0.62.2.jar
[info] downloaded https://repo1.maven.org/maven2/com/vladsch/flexmark/flexmark-ext-anchorlink/0.62.2/flexmark-ext-anchorlink-0.62.2.jar
[info] downloading https://repo1.maven.org/maven2/com/vladsch/flexmark/flexmark-ext-autolink/0.62.2/flexmark-ext-autolink-0.62.2.jar
[info] downloaded https://repo1.maven.org/maven2/com/vladsch/flexmark/flexmark-ext-autolink/0.62.2/flexmark-ext-autolink-0.62.2.jar
[info] downloading https://repo1.maven.org/maven2/com/vladsch/flexmark/flexmark-util-visitor/0.62.2/flexmark-util-visitor-0.62.2.jar
[info] downloaded https://repo1.maven.org/maven2/org/scala-lang/scala3-library_3/3.3.4/scala3-library_3-3.3.4.jar
[info] downloading https://repo1.maven.org/maven2/org/scala-lang/scala3-tasty-inspector_3/3.3.4/scala3-tasty-inspector_3-3.3.4.jar
[info] downloaded https://repo1.maven.org/maven2/com/vladsch/flexmark/flexmark-util-visitor/0.62.2/flexmark-util-visitor-0.62.2.jar
[info] downloading https://repo1.maven.org/maven2/com/vladsch/flexmark/flexmark-util-builder/0.62.2/flexmark-util-builder-0.62.2.jar
[info] downloaded https://repo1.maven.org/maven2/com/vladsch/flexmark/flexmark-util-builder/0.62.2/flexmark-util-builder-0.62.2.jar
[info] downloading https://repo1.maven.org/maven2/com/vladsch/flexmark/flexmark/0.62.2/flexmark-0.62.2.jar
[info] downloaded https://repo1.maven.org/maven2/org/scala-lang/scala3-tasty-inspector_3/3.3.4/scala3-tasty-inspector_3-3.3.4.jar
[info] downloaded https://repo1.maven.org/maven2/nl/big-o/liqp/0.8.2/liqp-0.8.2.jar
[info] downloaded https://repo1.maven.org/maven2/com/vladsch/flexmark/flexmark/0.62.2/flexmark-0.62.2.jar
